Date:              23-Dec-2018 19:04:19
Procedure:         GenerateMemberList
Module:            modMember
Error Number:      -2147217900 
Error Description: [MySQL][ODBC 5.3(w) Driver][mysqld-5.7.23-log]You have an error in your SQL syntax; check the manual that corresponds to your MySQL server version for the right syntax to use near ''01/01/2005' at line 1
Provider Number:   1064
Provider Description: 
                   [MySQL][ODBC 5.3(w) Driver][mysqld-5.7.23-log]You have an error in your SQL syntax; check the manual that corresponds to your MySQL server version for the right syntax to use near ''01/01/2005' at line 1


Date:              23-Dec-2018 20:44:10
Procedure:         GenerateMemberList
Module:            modMember
Error Number:      -2147467259 
Error Description: [MySQL][ODBC 5.3(w) Driver][mysqld-5.7.23-log]MySQL server has gone away
Provider Number:   2006
Provider Description: 
                   [MySQL][ODBC 5.3(w) Driver][mysqld-5.7.23-log]MySQL server has gone away


Date:              23-Dec-2018 20:46:41
Procedure:         GenerateMemberList
Module:            modMember
Error Number:      -2147217900 
Error Description: [MySQL][ODBC 5.3(w) Driver][mysqld-5.7.23-log]You have an error in your SQL syntax; check the manual that corresponds to your MySQL server version for the right syntax to use near '01,01)' at line 1
Provider Number:   1064
Provider Description: 
                   [MySQL][ODBC 5.3(w) Driver][mysqld-5.7.23-log]You have an error in your SQL syntax; check the manual that corresponds to your MySQL server version for the right syntax to use near '01,01)' at line 1


Date:              23-Dec-2018 20:50:30
Procedure:         GenerateMemberList
Module:            modMember
Error Number:      -2147217900 
Error Description: [MySQL][ODBC 5.3(w) Driver][mysqld-5.7.23-log]You have an error in your SQL syntax; check the manual that corresponds to your MySQL server version for the right syntax to use near '01,01)' at line 1
Provider Number:   1064
Provider Description: 
                   [MySQL][ODBC 5.3(w) Driver][mysqld-5.7.23-log]You have an error in your SQL syntax; check the manual that corresponds to your MySQL server version for the right syntax to use near '01,01)' at line 1


Date:              23-Dec-2018 23:09:55
Procedure:         GenerateChildrenList
Module:            modChildren
Error Number:      -2147467259 
Error Description: [MySQL][ODBC 5.3(w) Driver][mysqld-5.7.23-log]MySQL server has gone away
Provider Number:   2006
Provider Description: 
                   [MySQL][ODBC 5.3(w) Driver][mysqld-5.7.23-log]MySQL server has gone away


Date:              14-May-2019 22:59:50
Procedure:         GenerateReport
Module:            frmReport
Error Number:       20534 
Error Description: Error detected by database DLL.
Provider Number:   
Provider Description: 
                   


Date:              15-May-2019 21:42:43
Procedure:         GenerateReport
Module:            frmReport
Error Number:       20534 
Error Description: Error detected by database DLL.
Provider Number:   
Provider Description: 
                   


Date:              15-May-2019 21:45:39
Procedure:         GenerateReport
Module:            frmReport
Error Number:       20534 
Error Description: Error detected by database DLL.
Provider Number:   
Provider Description: 
                   


Date:              15-May-2019 23:42:59
Procedure:         GenerateChildrenList
Module:            modChildren
Error Number:       3265 
Error Description: Item cannot be found in the collection corresponding to the requested name or ordinal.
Provider Number:   
Provider Description: 
                   


Date:              15-May-2019 23:43:18
Procedure:         GenerateChildrenList
Module:            modChildren
Error Number:       3265 
Error Description: Item cannot be found in the collection corresponding to the requested name or ordinal.
Provider Number:   
Provider Description: 
                   


Date:              31-May-2019 22:15:24
Procedure:         GenerateMemberList
Module:            modMember
Error Number:       380 
Error Description: Invalid property value
Provider Number:   
Provider Description: 
                   


Date:              01-Jun-2019 13:50:27
Procedure:         DisplayChild
Module:            modchildren
Error Number:       383 
Error Description: 'Text' property is read-only
Provider Number:   
Provider Description: 
                   


Date:              01-Jun-2019 13:50:56
Procedure:         DisplayChild
Module:            modchildren
Error Number:       383 
Error Description: 'Text' property is read-only
Provider Number:   
Provider Description: 
                   


Date:              04-Apr-2020 15:01:49
Procedure:         PopulateMemberObject
Module:            modMember
Error Number:       94 
Error Description: Invalid use of Null
Provider Number:   
Provider Description: 
                   


Date:              04-Apr-2020 15:01:52
Procedure:         ProcessRecord
Module:            modMain
Error Number:      -2147168242 
Error Description: No transaction is active.
Provider Number:   0
Provider Description: 
                   No transaction is active.


Date:              04-Apr-2020 15:03:02
Procedure:         PopulateMemberObject
Module:            modMember
Error Number:       94 
Error Description: Invalid use of Null
Provider Number:   
Provider Description: 
                   


Date:              04-Apr-2020 15:03:11
Procedure:         ProcessRecord
Module:            modMain
Error Number:      -2147168242 
Error Description: No transaction is active.
Provider Number:   0
Provider Description: 
                   No transaction is active.


