Date:              12-Mar-2003 23:22:27
Procedure:         CheckLogonId
Module:            modLogon
Error Number:       3709 
Error Description: The connection cannot be used to perform this operation. It is either closed or invalid in this context.
Provider Number:   -534774783
Provider Description: 
                   'C:\CHURCH\vb project\database\church.mdb' is not a valid path.  Make sure that the path name is spelled correctly and that you are connected to the server on which the file resides.


Date:              12-Mar-2003 23:22:39
Procedure:         CheckLogonId
Module:            modLogon
Error Number:       3709 
Error Description: The connection cannot be used to perform this operation. It is either closed or invalid in this context.
Provider Number:   -534774783
Provider Description: 
                   'C:\CHURCH\vb project\database\church.mdb' is not a valid path.  Make sure that the path name is spelled correctly and that you are connected to the server on which the file resides.


Date:              12-Mar-2003 23:22:43
Procedure:         CheckLogonId
Module:            modLogon
Error Number:       3709 
Error Description: The connection cannot be used to perform this operation. It is either closed or invalid in this context.
Provider Number:   -534774783
Provider Description: 
                   'C:\CHURCH\vb project\database\church.mdb' is not a valid path.  Make sure that the path name is spelled correctly and that you are connected to the server on which the file resides.


Date:              12-Mar-2003 23:23:49
Procedure:         CheckLogonId
Module:            modLogon
Error Number:       3709 
Error Description: The connection cannot be used to perform this operation. It is either closed or invalid in this context.
Provider Number:   -534774783
Provider Description: 
                   'C:\CHURCH\vb project\database\church.mdb' is not a valid path.  Make sure that the path name is spelled correctly and that you are connected to the server on which the file resides.


Date:              12-Mar-2003 23:23:57
Procedure:         CheckLogonId
Module:            modLogon
Error Number:       3709 
Error Description: The connection cannot be used to perform this operation. It is either closed or invalid in this context.
Provider Number:   -534774783
Provider Description: 
                   'C:\CHURCH\vb project\database\church.mdb' is not a valid path.  Make sure that the path name is spelled correctly and that you are connected to the server on which the file resides.


